************* Module fetch_v2
C:  1, 0: Missing module docstring (missing-docstring)
C:  5, 0: Missing function docstring (missing-docstring)
C: 11, 0: Missing function docstring (missing-docstring)
C: 16, 4: Invalid constant name "from_urls" (invalid-name)


Report
======
13 statements analysed.

Statistics by type
------------------

+---------+-------+-----------+-----------+------------+---------+
|type     |number |old number |difference |%documented |%badname |
+=========+=======+===========+===========+============+=========+
|module   |1      |1          |=          |0.00        |0.00     |
+---------+-------+-----------+-----------+------------+---------+
|class    |0      |0          |=          |0           |0        |
+---------+-------+-----------+-----------+------------+---------+
|method   |0      |0          |=          |0           |0        |
+---------+-------+-----------+-----------+------------+---------+
|function |2      |2          |=          |0.00        |0.00     |
+---------+-------+-----------+-----------+------------+---------+



Raw metrics
-----------

+----------+-------+------+---------+-----------+
|type      |number |%     |previous |difference |
+==========+=======+======+=========+===========+
|code      |14     |77.78 |14       |=          |
+----------+-------+------+---------+-----------+
|docstring |0      |0.00  |0        |=          |
+----------+-------+------+---------+-----------+
|comment   |1      |5.56  |1        |=          |
+----------+-------+------+---------+-----------+
|empty     |3      |16.67 |3        |=          |
+----------+-------+------+---------+-----------+



Duplication
-----------

+-------------------------+------+---------+-----------+
|                         |now   |previous |difference |
+=========================+======+=========+===========+
|nb duplicated lines      |0     |0        |=          |
+-------------------------+------+---------+-----------+
|percent duplicated lines |0.000 |0.000    |=          |
+-------------------------+------+---------+-----------+



Messages by category
--------------------

+-----------+-------+---------+-----------+
|type       |number |previous |difference |
+===========+=======+=========+===========+
|convention |4      |6        |-2.00      |
+-----------+-------+---------+-----------+
|refactor   |0      |0        |=          |
+-----------+-------+---------+-----------+
|warning    |0      |0        |=          |
+-----------+-------+---------+-----------+
|error      |0      |0        |=          |
+-----------+-------+---------+-----------+



Messages
--------

+------------------+------------+
|message id        |occurrences |
+==================+============+
|missing-docstring |3           |
+------------------+------------+
|invalid-name      |1           |
+------------------+------------+



Global evaluation
-----------------
Your code has been rated at 6.92/10 (previous run: 5.38/10, +1.54)

