

Report
======
13 statements analysed.

Statistics by type
------------------

+---------+-------+-----------+-----------+------------+---------+
|type     |number |old number |difference |%documented |%badname |
+=========+=======+===========+===========+============+=========+
|module   |1      |1          |=          |100.00      |0.00     |
+---------+-------+-----------+-----------+------------+---------+
|class    |0      |0          |=          |0           |0        |
+---------+-------+-----------+-----------+------------+---------+
|method   |0      |0          |=          |0           |0        |
+---------+-------+-----------+-----------+------------+---------+
|function |2      |2          |=          |100.00      |0.00     |
+---------+-------+-----------+-----------+------------+---------+



Raw metrics
-----------

+----------+-------+------+---------+-----------+
|type      |number |%     |previous |difference |
+==========+=======+======+=========+===========+
|code      |14     |48.28 |14       |=          |
+----------+-------+------+---------+-----------+
|docstring |9      |31.03 |9        |=          |
+----------+-------+------+---------+-----------+
|comment   |1      |3.45  |1        |=          |
+----------+-------+------+---------+-----------+
|empty     |5      |17.24 |6        |-1.00      |
+----------+-------+------+---------+-----------+



Duplication
-----------

+-------------------------+------+---------+-----------+
|                         |now   |previous |difference |
+=========================+======+=========+===========+
|nb duplicated lines      |0     |0        |=          |
+-------------------------+------+---------+-----------+
|percent duplicated lines |0.000 |0.000    |=          |
+-------------------------+------+---------+-----------+



Messages by category
--------------------

+-----------+-------+---------+-----------+
|type       |number |previous |difference |
+===========+=======+=========+===========+
|convention |0      |0        |=          |
+-----------+-------+---------+-----------+
|refactor   |0      |0        |=          |
+-----------+-------+---------+-----------+
|warning    |0      |0        |=          |
+-----------+-------+---------+-----------+
|error      |0      |0        |=          |
+-----------+-------+---------+-----------+



Global evaluation
-----------------
Your code has been rated at 10.00/10 (previous run: 10.00/10, +0.00)

